[debug] [2018-03-18T08:39:22.715Z] ----------------------------------------------------------------------
[debug] [2018-03-18T08:39:22.719Z] Command:       C:\Program Files\nodejs\node.exe C:\Users\Piyush\AppData\Roaming\npm\node_modules\firebase-tools\bin\firebase deploy
[debug] [2018-03-18T08:39:22.720Z] CLI Version:   3.17.4
[debug] [2018-03-18T08:39:22.720Z] Platform:      win32
[debug] [2018-03-18T08:39:22.720Z] Node Version:  v9.7.1
[debug] [2018-03-18T08:39:22.740Z] Time:          Sun Mar 18 2018 14:09:22 GMT+0530 (India Standard Time)
[debug] [2018-03-18T08:39:22.740Z] ----------------------------------------------------------------------
[debug] 
[debug] [2018-03-18T08:39:22.832Z] > command requires scopes: ["email","openid","https://www.googleapis.com/auth/cloudplatformprojects.readonly","https://www.googleapis.com/auth/firebase","https://www.googleapis.com/auth/cloud-platform"]
[debug] [2018-03-18T08:39:22.834Z] > authorizing via signed-in user
[debug] [2018-03-18T08:39:22.840Z] > refreshing access token with scopes: ["email","https://www.googleapis.com/auth/cloud-platform","https://www.googleapis.com/auth/cloudplatformprojects.readonly","https://www.googleapis.com/auth/firebase","openid"]
[debug] [2018-03-18T08:39:22.840Z] >>> HTTP REQUEST POST https://www.googleapis.com/oauth2/v3/token  
 { refresh_token: '1/Jbl7JX9X8soANVSbniIn1G1x4tOP_nwsoNBFM3H7nqU',
  client_id: '563584335869-fgrhgmd47bqnekij5i8b5pr03ho849e6.apps.googleusercontent.com',
  client_secret: 'j9iVZfS8kkCEFUPaAeJV0sAi',
  grant_type: 'refresh_token',
  scope: 'email https://www.googleapis.com/auth/cloud-platform https://www.googleapis.com/auth/cloudplatformprojects.readonly https://www.googleapis.com/auth/firebase openid' } 
 Sun Mar 18 2018 14:09:22 GMT+0530 (India Standard Time)
[debug] [2018-03-18T08:39:23.362Z] <<< HTTP RESPONSE 200
[debug] [2018-03-18T08:39:23.429Z] >>> HTTP REQUEST GET https://admin.firebase.com/v1/projects/spater-tv  
  
 Sun Mar 18 2018 14:09:23 GMT+0530 (India Standard Time)
[debug] [2018-03-18T08:39:25.341Z] <<< HTTP RESPONSE 200
[debug] [2018-03-18T08:39:25.343Z] >>> HTTP REQUEST GET https://admin.firebase.com/v1/database/spater-tv/tokens  
  
 Sun Mar 18 2018 14:09:25 GMT+0530 (India Standard Time)
[debug] [2018-03-18T08:39:26.580Z] <<< HTTP RESPONSE 200
[info] 
[info] === Deploying to 'spater-tv'...
[info] 
[info] i  deploying hosting
[info] i  hosting: preparing dist directory for upload...
[debug] [2018-03-18T08:39:28.441Z] >>> HTTP REQUEST PUT https://deploy.firebase.com/v1/hosting/spater-tv/uploads/-L7sF_eY4lf866-fHUv5?fileCount=19&message=  
  
 Sun Mar 18 2018 14:09:28 GMT+0530 (India Standard Time)
[debug] [2018-03-18T08:39:42.489Z] <<< HTTP RESPONSE 200
[debug] [2018-03-18T08:39:42.490Z] [hosting] .tgz uploaded successfully, waiting for extraction
[info] +  hosting: 19 files uploaded successfully
[debug] [2018-03-18T08:39:43.559Z] >>> HTTP REQUEST POST https://deploy.firebase.com/v1/projects/spater-tv/releases  
 { hosting: 
   { public: 'dist',
     ignore: [ 'firebase.json', '**/.*', '**/node_modules/**' ],
     version: '-L7sF_eY4lf866-fHUv5',
     prefix: '-L7sF_eY4lf866-fHUv5/',
     manifest: [] } } 
 Sun Mar 18 2018 14:09:43 GMT+0530 (India Standard Time)
